<?xml version="1.0" encoding="UTF-8"?>
<!-- Generated by org.testng.reporters.JUnitXMLReporter -->
<testsuite ignored="0" hostname="DESKTOP-81COO7D" failures="0" tests="6" name="FxHive Admin Tests" time="37.513" errors="0" timestamp="2025-04-10T15:24:10 IST">
  <testcase classname="Admin.LoginTest" name="testValidLogin" time="4.307"/>
  <testcase classname="Admin.LoginTest" name="testInvalidUsename" time="1.09"/>
  <testcase classname="Admin.LoginTest" name="testInvalidPassword" time="1.239"/>
  <testcase classname="Admin.LoginTest" name="testBlankCredentials" time="0.416"/>
  <testcase classname="Admin.AddEmployeeTest" name="testAddEmployeePositiveCase" time="3.209"/>
  <testcase classname="Admin.AddEmployeeTest" name="testAddEmployeeInvalidEmailFormat" time="3.335"/>
</testsuite> <!-- FxHive Admin Tests -->
