<?xml version="1.0" encoding="UTF-8"?>
<!-- Generated by org.testng.reporters.JUnitXMLReporter -->
<testsuite ignored="0" hostname="DESKTOP-81COO7D" failures="0" tests="6" name="FxHive Admin Tests" time="36.074" errors="0" timestamp="2025-04-10T13:50:13 IST">
  <testcase classname="fxhive_UI.Admin.login" name="testValidLogin" time="4.252"/>
  <testcase classname="fxhive_UI.Admin.login" name="testInvalidUsename" time="1.09"/>
  <testcase classname="fxhive_UI.Admin.login" name="testInvalidPassword" time="1.755"/>
  <testcase classname="fxhive_UI.Admin.login" name="testBlankCredentials" time="0.807"/>
  <testcase classname="fxhive_UI.Admin.AddEmployeeTest" name="testAddEmployeePositiveCase" time="3.206"/>
  <testcase classname="fxhive_UI.Admin.AddEmployeeTest" name="testAddEmployeeInvalidEmailFormat" time="2.271"/>
</testsuite> <!-- FxHive Admin Tests -->
