<?xml version="1.0" encoding="UTF-8"?>
<!-- Generated by org.testng.reporters.JUnitReportReporter -->
<testsuite hostname="DESKTOP-81COO7D" failures="0" tests="2" name="fxhive_UI.Admin.AddEmployeeTest" time="9.651" errors="0" timestamp="2025-04-10T13:50:14 IST" skipped="0">
  <testcase classname="fxhive_UI.Admin.AddEmployeeTest" name="testAddEmployeePositiveCase" time="7.380"/>
  <testcase classname="fxhive_UI.Admin.AddEmployeeTest" name="testAddEmployeeInvalidEmailFormat" time="2.271"/>
</testsuite> <!-- fxhive_UI.Admin.AddEmployeeTest -->
