<?xml version="1.0" encoding="UTF-8"?>
<!-- Generated by org.testng.reporters.JUnitReportReporter -->
<testsuite hostname="DESKTOP-81COO7D" failures="0" tests="4" name="Admin.LoginTest" time="21.854" errors="0" timestamp="2025-04-10T15:24:10 IST" skipped="0">
  <testcase classname="Admin.LoginTest" name="testValidLogin" time="7.228"/>
  <testcase classname="Admin.LoginTest" name="testInvalidUsename" time="7.216"/>
  <testcase classname="Admin.LoginTest" name="testInvalidPassword" time="4.514"/>
  <testcase classname="Admin.LoginTest" name="testBlankCredentials" time="2.896"/>
</testsuite> <!-- Admin.LoginTest -->
