<?xml version="1.0" encoding="UTF-8"?>
<!-- Generated by org.testng.reporters.JUnitReportReporter -->
<testsuite hostname="DESKTOP-81COO7D" failures="0" tests="2" name="Admin.AddEmployeeTest" time="11.397" errors="0" timestamp="2025-04-10T15:24:10 IST" skipped="0">
  <testcase classname="Admin.AddEmployeeTest" name="testAddEmployeePositiveCase" time="8.062"/>
  <testcase classname="Admin.AddEmployeeTest" name="testAddEmployeeInvalidEmailFormat" time="3.335"/>
</testsuite> <!-- Admin.AddEmployeeTest -->
