<?xml version="1.0" encoding="UTF-8"?>
<!-- Generated by org.testng.reporters.JUnitReportReporter -->
<testsuite hostname="DESKTOP-81COO7D" failures="0" tests="4" name="fxhive_UI.Admin.login" time="23.293" errors="0" timestamp="2025-04-10T13:50:14 IST" skipped="0">
  <testcase classname="fxhive_UI.Admin.login" name="testValidLogin" time="7.722"/>
  <testcase classname="fxhive_UI.Admin.login" name="testInvalidUsename" time="5.657"/>
  <testcase classname="fxhive_UI.Admin.login" name="testInvalidPassword" time="6.510"/>
  <testcase classname="fxhive_UI.Admin.login" name="testBlankCredentials" time="3.404"/>
</testsuite> <!-- fxhive_UI.Admin.login -->
