<?xml version="1.0" encoding="UTF-8"?>
<testng-results ignored="0" total="6" passed="6" failed="0" skipped="0">
  <reporter-output>
  </reporter-output>
  <suite started-at="2025-04-10T13:49:37 IST" name="FxHive Test Suite" finished-at="2025-04-10T13:50:13 IST" duration-ms="36074">
    <groups>
    </groups>
    <test started-at="2025-04-10T13:49:37 IST" name="FxHive Admin Tests" finished-at="2025-04-10T13:50:13 IST" duration-ms="36074">
      <class name="fxhive_UI.Admin.login">
        <test-method is-config="true" signature="setupReport()[pri:0, instance:fxhive_UI.Admin.login@f6efaab]" started-at="2025-04-10T13:49:37 IST" name="setupReport" finished-at="2025-04-10T13:49:37 IST" duration-ms="364" status="PASS">
          <reporter-output>
          </reporter-output>
        </test-method> <!-- setupReport -->
        <test-method is-config="true" signature="setUp()[pri:0, instance:fxhive_UI.Admin.login@f6efaab]" started-at="2025-04-10T13:49:37 IST" name="setUp" finished-at="2025-04-10T13:49:42 IST" duration-ms="4139" status="PASS">
          <reporter-output>
          </reporter-output>
        </test-method> <!-- setUp -->
        <test-method signature="testValidLogin()[pri:1, instance:fxhive_UI.Admin.login@f6efaab]" started-at="2025-04-10T13:49:42 IST" name="testValidLogin" finished-at="2025-04-10T13:49:46 IST" duration-ms="4252" status="PASS">
          <reporter-output>
          </reporter-output>
        </test-method> <!-- testValidLogin -->
        <test-method is-config="true" signature="tearDown(org.testng.ITestResult)[pri:0, instance:fxhive_UI.Admin.login@f6efaab]" started-at="2025-04-10T13:49:46 IST" name="tearDown" finished-at="2025-04-10T13:49:47 IST" duration-ms="801" status="PASS">
          <params>
            <param index="0">
              <value>
                <![CDATA[[TestResult name=testValidLogin status=SUCCESS method=login.testValidLogin()[pri:1, instance:fxhive_UI.Admin.login@f6efaab] output={null}]]]>
              </value>
            </param>
          </params>
          <reporter-output>
          </reporter-output>
        </test-method> <!-- tearDown -->
        <test-method is-config="true" signature="setUp()[pri:0, instance:fxhive_UI.Admin.login@f6efaab]" started-at="2025-04-10T13:49:47 IST" name="setUp" finished-at="2025-04-10T13:49:49 IST" duration-ms="2280" status="PASS">
          <reporter-output>
          </reporter-output>
        </test-method> <!-- setUp -->
        <test-method signature="testInvalidUsename()[pri:2, instance:fxhive_UI.Admin.login@f6efaab]" started-at="2025-04-10T13:49:49 IST" name="testInvalidUsename" finished-at="2025-04-10T13:49:50 IST" duration-ms="1090" status="PASS">
          <reporter-output>
          </reporter-output>
        </test-method> <!-- testInvalidUsename -->
        <test-method is-config="true" signature="tearDown(org.testng.ITestResult)[pri:0, instance:fxhive_UI.Admin.login@f6efaab]" started-at="2025-04-10T13:49:50 IST" name="tearDown" finished-at="2025-04-10T13:49:50 IST" duration-ms="428" status="PASS">
          <params>
            <param index="0">
              <value>
                <![CDATA[[TestResult name=testInvalidUsename status=SUCCESS method=login.testInvalidUsename()[pri:2, instance:fxhive_UI.Admin.login@f6efaab] output={null}]]]>
              </value>
            </param>
          </params>
          <reporter-output>
          </reporter-output>
        </test-method> <!-- tearDown -->
        <test-method is-config="true" signature="setUp()[pri:0, instance:fxhive_UI.Admin.login@f6efaab]" started-at="2025-04-10T13:49:50 IST" name="setUp" finished-at="2025-04-10T13:49:53 IST" duration-ms="2669" status="PASS">
          <reporter-output>
          </reporter-output>
        </test-method> <!-- setUp -->
        <test-method signature="testInvalidPassword()[pri:3, instance:fxhive_UI.Admin.login@f6efaab]" started-at="2025-04-10T13:49:53 IST" name="testInvalidPassword" finished-at="2025-04-10T13:49:55 IST" duration-ms="1755" status="PASS">
          <reporter-output>
          </reporter-output>
        </test-method> <!-- testInvalidPassword -->
        <test-method is-config="true" signature="tearDown(org.testng.ITestResult)[pri:0, instance:fxhive_UI.Admin.login@f6efaab]" started-at="2025-04-10T13:49:55 IST" name="tearDown" finished-at="2025-04-10T13:49:55 IST" duration-ms="582" status="PASS">
          <params>
            <param index="0">
              <value>
                <![CDATA[[TestResult name=testInvalidPassword status=SUCCESS method=login.testInvalidPassword()[pri:3, instance:fxhive_UI.Admin.login@f6efaab] output={null}]]]>
              </value>
            </param>
          </params>
          <reporter-output>
          </reporter-output>
        </test-method> <!-- tearDown -->
        <test-method is-config="true" signature="setUp()[pri:0, instance:fxhive_UI.Admin.login@f6efaab]" started-at="2025-04-10T13:49:55 IST" name="setUp" finished-at="2025-04-10T13:50:00 IST" duration-ms="4173" status="PASS">
          <reporter-output>
          </reporter-output>
        </test-method> <!-- setUp -->
        <test-method signature="testBlankCredentials()[pri:4, instance:fxhive_UI.Admin.login@f6efaab]" started-at="2025-04-10T13:50:00 IST" name="testBlankCredentials" finished-at="2025-04-10T13:50:00 IST" duration-ms="807" status="PASS">
          <reporter-output>
          </reporter-output>
        </test-method> <!-- testBlankCredentials -->
        <test-method is-config="true" signature="tearDown(org.testng.ITestResult)[pri:0, instance:fxhive_UI.Admin.login@f6efaab]" started-at="2025-04-10T13:50:00 IST" name="tearDown" finished-at="2025-04-10T13:50:01 IST" duration-ms="317" status="PASS">
          <params>
            <param index="0">
              <value>
                <![CDATA[[TestResult name=testBlankCredentials status=SUCCESS method=login.testBlankCredentials()[pri:4, instance:fxhive_UI.Admin.login@f6efaab] output={null}]]]>
              </value>
            </param>
          </params>
          <reporter-output>
          </reporter-output>
        </test-method> <!-- tearDown -->
        <test-method is-config="true" signature="tearDownReport()[pri:0, instance:fxhive_UI.Admin.login@f6efaab]" started-at="2025-04-10T13:50:13 IST" name="tearDownReport" finished-at="2025-04-10T13:50:14 IST" duration-ms="151" status="PASS">
          <reporter-output>
          </reporter-output>
        </test-method> <!-- tearDownReport -->
      </class> <!-- fxhive_UI.Admin.login -->
      <class name="fxhive_UI.Admin.AddEmployeeTest">
        <test-method is-config="true" signature="setUp()[pri:0, instance:fxhive_UI.Admin.AddEmployeeTest@2a3b5b47]" started-at="2025-04-10T13:50:01 IST" name="setUp" finished-at="2025-04-10T13:50:03 IST" duration-ms="2123" status="PASS">
          <reporter-output>
          </reporter-output>
        </test-method> <!-- setUp -->
        <test-method is-config="true" signature="checkLogin()[pri:0, instance:fxhive_UI.Admin.AddEmployeeTest@2a3b5b47]" started-at="2025-04-10T13:50:03 IST" name="checkLogin" finished-at="2025-04-10T13:50:07 IST" duration-ms="4174" status="PASS">
          <reporter-output>
          </reporter-output>
        </test-method> <!-- checkLogin -->
        <test-method signature="testAddEmployeePositiveCase()[pri:1, instance:fxhive_UI.Admin.AddEmployeeTest@2a3b5b47]" started-at="2025-04-10T13:50:07 IST" name="testAddEmployeePositiveCase" finished-at="2025-04-10T13:50:10 IST" duration-ms="3206" status="PASS">
          <reporter-output>
          </reporter-output>
        </test-method> <!-- testAddEmployeePositiveCase -->
        <test-method is-config="true" signature="checkLogin()[pri:0, instance:fxhive_UI.Admin.AddEmployeeTest@2a3b5b47]" started-at="2025-04-10T13:50:10 IST" name="checkLogin" finished-at="2025-04-10T13:50:10 IST" duration-ms="0" status="PASS">
          <reporter-output>
          </reporter-output>
        </test-method> <!-- checkLogin -->
        <test-method signature="testAddEmployeeInvalidEmailFormat()[pri:2, instance:fxhive_UI.Admin.AddEmployeeTest@2a3b5b47]" started-at="2025-04-10T13:50:10 IST" name="testAddEmployeeInvalidEmailFormat" finished-at="2025-04-10T13:50:12 IST" duration-ms="2271" status="PASS">
          <reporter-output>
          </reporter-output>
        </test-method> <!-- testAddEmployeeInvalidEmailFormat -->
        <test-method is-config="true" signature="tearDown()[pri:0, instance:fxhive_UI.Admin.AddEmployeeTest@2a3b5b47]" started-at="2025-04-10T13:50:12 IST" name="tearDown" finished-at="2025-04-10T13:50:13 IST" duration-ms="928" status="PASS">
          <reporter-output>
          </reporter-output>
        </test-method> <!-- tearDown -->
      </class> <!-- fxhive_UI.Admin.AddEmployeeTest -->
    </test> <!-- FxHive Admin Tests -->
  </suite> <!-- FxHive Test Suite -->
</testng-results>
