<?xml version="1.0" encoding="UTF-8"?>
<testng-results ignored="0" total="6" passed="6" failed="0" skipped="0">
  <reporter-output>
  </reporter-output>
  <suite started-at="2025-04-10T15:23:32 IST" name="FxHive Test Suite" finished-at="2025-04-10T15:24:10 IST" duration-ms="37513">
    <groups>
    </groups>
    <test started-at="2025-04-10T15:23:32 IST" name="FxHive Admin Tests" finished-at="2025-04-10T15:24:10 IST" duration-ms="37513">
      <class name="Admin.AddEmployeeTest">
        <test-method is-config="true" signature="setUp()[pri:0, instance:Admin.AddEmployeeTest@2a3b5b47]" started-at="2025-04-10T15:23:54 IST" name="setUp" finished-at="2025-04-10T15:23:57 IST" duration-ms="2856" status="PASS">
          <reporter-output>
          </reporter-output>
        </test-method> <!-- setUp -->
        <test-method is-config="true" signature="checkLogin()[pri:0, instance:Admin.AddEmployeeTest@2a3b5b47]" started-at="2025-04-10T15:23:57 IST" name="checkLogin" finished-at="2025-04-10T15:24:02 IST" duration-ms="4853" status="PASS">
          <reporter-output>
          </reporter-output>
        </test-method> <!-- checkLogin -->
        <test-method signature="testAddEmployeePositiveCase()[pri:1, instance:Admin.AddEmployeeTest@2a3b5b47]" started-at="2025-04-10T15:24:02 IST" name="testAddEmployeePositiveCase" finished-at="2025-04-10T15:24:05 IST" duration-ms="3209" status="PASS">
          <reporter-output>
          </reporter-output>
        </test-method> <!-- testAddEmployeePositiveCase -->
        <test-method is-config="true" signature="checkLogin()[pri:0, instance:Admin.AddEmployeeTest@2a3b5b47]" started-at="2025-04-10T15:24:05 IST" name="checkLogin" finished-at="2025-04-10T15:24:05 IST" duration-ms="0" status="PASS">
          <reporter-output>
          </reporter-output>
        </test-method> <!-- checkLogin -->
        <test-method signature="testAddEmployeeInvalidEmailFormat()[pri:2, instance:Admin.AddEmployeeTest@2a3b5b47]" started-at="2025-04-10T15:24:05 IST" name="testAddEmployeeInvalidEmailFormat" finished-at="2025-04-10T15:24:08 IST" duration-ms="3335" status="PASS">
          <reporter-output>
          </reporter-output>
        </test-method> <!-- testAddEmployeeInvalidEmailFormat -->
        <test-method is-config="true" signature="tearDown()[pri:0, instance:Admin.AddEmployeeTest@2a3b5b47]" started-at="2025-04-10T15:24:08 IST" name="tearDown" finished-at="2025-04-10T15:24:10 IST" duration-ms="1349" status="PASS">
          <reporter-output>
          </reporter-output>
        </test-method> <!-- tearDown -->
      </class> <!-- Admin.AddEmployeeTest -->
      <class name="Admin.LoginTest">
        <test-method is-config="true" signature="setupReport()[pri:0, instance:Admin.LoginTest@f6efaab]" started-at="2025-04-10T15:23:32 IST" name="setupReport" finished-at="2025-04-10T15:23:32 IST" duration-ms="419" status="PASS">
          <reporter-output>
          </reporter-output>
        </test-method> <!-- setupReport -->
        <test-method is-config="true" signature="setUp()[pri:0, instance:Admin.LoginTest@f6efaab]" started-at="2025-04-10T15:23:32 IST" name="setUp" finished-at="2025-04-10T15:23:38 IST" duration-ms="5667" status="PASS">
          <reporter-output>
          </reporter-output>
        </test-method> <!-- setUp -->
        <test-method signature="testValidLogin()[pri:1, instance:Admin.LoginTest@f6efaab]" started-at="2025-04-10T15:23:38 IST" name="testValidLogin" finished-at="2025-04-10T15:23:42 IST" duration-ms="4307" status="PASS">
          <reporter-output>
          </reporter-output>
        </test-method> <!-- testValidLogin -->
        <test-method is-config="true" signature="tearDown(org.testng.ITestResult)[pri:0, instance:Admin.LoginTest@f6efaab]" started-at="2025-04-10T15:23:42 IST" name="tearDown" finished-at="2025-04-10T15:23:43 IST" duration-ms="542" status="PASS">
          <params>
            <param index="0">
              <value>
                <![CDATA[[TestResult name=testValidLogin status=SUCCESS method=LoginTest.testValidLogin()[pri:1, instance:Admin.LoginTest@f6efaab] output={null}]]]>
              </value>
            </param>
          </params>
          <reporter-output>
          </reporter-output>
        </test-method> <!-- tearDown -->
        <test-method is-config="true" signature="setUp()[pri:0, instance:Admin.LoginTest@f6efaab]" started-at="2025-04-10T15:23:43 IST" name="setUp" finished-at="2025-04-10T15:23:45 IST" duration-ms="2096" status="PASS">
          <reporter-output>
          </reporter-output>
        </test-method> <!-- setUp -->
        <test-method signature="testInvalidUsename()[pri:2, instance:Admin.LoginTest@f6efaab]" started-at="2025-04-10T15:23:45 IST" name="testInvalidUsename" finished-at="2025-04-10T15:23:46 IST" duration-ms="1090" status="PASS">
          <reporter-output>
          </reporter-output>
        </test-method> <!-- testInvalidUsename -->
        <test-method is-config="true" signature="tearDown(org.testng.ITestResult)[pri:0, instance:Admin.LoginTest@f6efaab]" started-at="2025-04-10T15:23:46 IST" name="tearDown" finished-at="2025-04-10T15:23:46 IST" duration-ms="384" status="PASS">
          <params>
            <param index="0">
              <value>
                <![CDATA[[TestResult name=testInvalidUsename status=SUCCESS method=LoginTest.testInvalidUsename()[pri:2, instance:Admin.LoginTest@f6efaab] output={null}]]]>
              </value>
            </param>
          </params>
          <reporter-output>
          </reporter-output>
        </test-method> <!-- tearDown -->
        <test-method is-config="true" signature="setUp()[pri:0, instance:Admin.LoginTest@f6efaab]" started-at="2025-04-10T15:23:46 IST" name="setUp" finished-at="2025-04-10T15:23:48 IST" duration-ms="1857" status="PASS">
          <reporter-output>
          </reporter-output>
        </test-method> <!-- setUp -->
        <test-method signature="testInvalidPassword()[pri:3, instance:Admin.LoginTest@f6efaab]" started-at="2025-04-10T15:23:48 IST" name="testInvalidPassword" finished-at="2025-04-10T15:23:49 IST" duration-ms="1239" status="PASS">
          <reporter-output>
          </reporter-output>
        </test-method> <!-- testInvalidPassword -->
        <test-method is-config="true" signature="tearDown(org.testng.ITestResult)[pri:0, instance:Admin.LoginTest@f6efaab]" started-at="2025-04-10T15:23:49 IST" name="tearDown" finished-at="2025-04-10T15:23:51 IST" duration-ms="1418" status="PASS">
          <params>
            <param index="0">
              <value>
                <![CDATA[[TestResult name=testInvalidPassword status=SUCCESS method=LoginTest.testInvalidPassword()[pri:3, instance:Admin.LoginTest@f6efaab] output={null}]]]>
              </value>
            </param>
          </params>
          <reporter-output>
          </reporter-output>
        </test-method> <!-- tearDown -->
        <test-method is-config="true" signature="setUp()[pri:0, instance:Admin.LoginTest@f6efaab]" started-at="2025-04-10T15:23:51 IST" name="setUp" finished-at="2025-04-10T15:23:53 IST" duration-ms="2379" status="PASS">
          <reporter-output>
          </reporter-output>
        </test-method> <!-- setUp -->
        <test-method signature="testBlankCredentials()[pri:4, instance:Admin.LoginTest@f6efaab]" started-at="2025-04-10T15:23:53 IST" name="testBlankCredentials" finished-at="2025-04-10T15:23:54 IST" duration-ms="416" status="PASS">
          <reporter-output>
          </reporter-output>
        </test-method> <!-- testBlankCredentials -->
        <test-method is-config="true" signature="tearDown(org.testng.ITestResult)[pri:0, instance:Admin.LoginTest@f6efaab]" started-at="2025-04-10T15:23:54 IST" name="tearDown" finished-at="2025-04-10T15:23:54 IST" duration-ms="459" status="PASS">
          <params>
            <param index="0">
              <value>
                <![CDATA[[TestResult name=testBlankCredentials status=SUCCESS method=LoginTest.testBlankCredentials()[pri:4, instance:Admin.LoginTest@f6efaab] output={null}]]]>
              </value>
            </param>
          </params>
          <reporter-output>
          </reporter-output>
        </test-method> <!-- tearDown -->
        <test-method is-config="true" signature="tearDownReport()[pri:0, instance:Admin.LoginTest@f6efaab]" started-at="2025-04-10T15:24:10 IST" name="tearDownReport" finished-at="2025-04-10T15:24:10 IST" duration-ms="123" status="PASS">
          <reporter-output>
          </reporter-output>
        </test-method> <!-- tearDownReport -->
      </class> <!-- Admin.LoginTest -->
    </test> <!-- FxHive Admin Tests -->
  </suite> <!-- FxHive Test Suite -->
</testng-results>
